<?xml version="1.0" encoding="UTF-8"?>
<!-- Generated by org.testng.reporters.JUnitReportReporter -->
<testsuite hostname="DESKTOP-7B191US" failures="0" tests="2" name="TestNG.AnnotationEg" time="19.683" errors="0" timestamp="2025-01-02T23:34:30 IST" skipped="0">
  <testcase classname="TestNG.AnnotationEg" name="verifyLoginFeatureWorkingWithValidCredentials" time="7.382"/>
  <system-out/>
  <testcase classname="TestNG.AnnotationEg" name="verifyTheTextSearchButtonOfClientPage" time="12.301"/>
  <system-out/>
</testsuite> <!-- TestNG.AnnotationEg -->
