<?xml version="1.0" encoding="UTF-8"?>
<!-- Generated by org.testng.reporters.JUnitReportReporter -->
<testsuite hostname="DESKTOP-7B191US" failures="0" tests="5" name="TestNG.Priority" time="0.048" errors="0" timestamp="2024-12-30T19:49:47 IST" skipped="0">
  <testcase classname="TestNG.Priority" name="TestCase4" time="0.005"/>
  <system-out/>
  <testcase classname="TestNG.Priority" name="TestCase2" time="0.020"/>
  <system-out/>
  <testcase classname="TestNG.Priority" name="TestCase1" time="0.008"/>
  <system-out/>
  <testcase classname="TestNG.Priority" name="TestCase5" time="0.011"/>
  <system-out/>
  <testcase classname="TestNG.Priority" name="TestCase3" time="0.004"/>
  <system-out/>
</testsuite> <!-- TestNG.Priority -->
