<?xml version="1.0" encoding="UTF-8"?>
<!-- Generated by org.testng.reporters.JUnitReportReporter -->
<testsuite hostname="DESKTOP-7B191US" failures="0" tests="4" name="TestNG.SampleAnnotations" time="0.041" errors="0" timestamp="2024-12-30T20:01:26 IST" skipped="0">
  <testcase classname="TestNG.SampleAnnotations" name="testCase2" time="0.016"/>
  <system-out/>
  <testcase classname="TestNG.SampleAnnotations" name="testCase4" time="0.004"/>
  <system-out/>
  <testcase classname="TestNG.SampleAnnotations" name="testCase1" time="0.011"/>
  <system-out/>
  <testcase classname="TestNG.SampleAnnotations" name="testCase3" time="0.010"/>
  <system-out/>
</testsuite> <!-- TestNG.SampleAnnotations -->
