<?xml version="1.0" encoding="UTF-8"?>
<!-- Generated by org.testng.reporters.JUnitReportReporter -->
<testsuite hostname="DESKTOP-7B191US" failures="0" tests="2" name="TestNG.SampleTestcase" time="0.041" errors="0" timestamp="2024-12-30T19:36:13 IST" skipped="0">
  <testcase classname="TestNG.SampleTestcase" name="testCaseTwo" time="0.009"/>
  <system-out/>
  <testcase classname="TestNG.SampleTestcase" name="testCaseOne" time="0.032"/>
  <system-out/>
</testsuite> <!-- TestNG.SampleTestcase -->
